mobile/shared/build/outputs/logs/manifest-merger-main-report.txt
-- Merging decision tree log ---
manifest
ADDED from src/androidMain/AndroidManifest.xml:1:1-51
INJECTED from src/androidMain/AndroidManifest.xml:1:1-51
	package
		ADDED from src/androidMain/AndroidManifest.xml:1:11-48
		INJECTED from src/androidMain/AndroidManifest.xml
uses-sdk
INJECTED from src/androidMain/AndroidManifest.xml reason: use-sdk injection requested
INJECTED from src/androidMain/AndroidManifest.xml
	android:minSdkVersion
		INJECTED from src/androidMain/AndroidManifest.xml